#
# A fatal error has been detected by the Java Runtime Environment:
#
#  Internal Error (safepoint.cpp:310), pid=7396, tid=0x00007f5e8aded700
#  guarantee(PageArmed == 0) failed: invariant
#
# JRE version: Java(TM) SE Runtime Environment (8.0_101-b13) (build 1.8.0_101-b13)
# Java VM: Java HotSpot(TM) 64-Bit Server VM (25.101-b13 mixed mode linux-amd64 compressed oops)
# Failed to write core dump. Core dumps have been disabled. To enable core dumping, try "ulimit -c unlimited" before starting Java again
#
# If you would like to submit a bug report, please visit:
#   http://bugreport.java.com/bugreport/crash.jsp
#

---------------  T H R E A D  ---------------

Current thread (0x00007f5ec007f800):  VMThread [stack: 0x00007f5e8aced000,0x00007f5e8adee000] [id=7409]

Stack: [0x00007f5e8aced000,0x00007f5e8adee000],  sp=0x00007f5e8adec830,  free space=1022k
Native frames: (J=compiled Java code, j=interpreted, Vv=VM code, C=native code)
V  [libjvm.so+0xac3f0a]  VMError::report_and_die()+0x2ba
V  [libjvm.so+0x4fb722]  report_vm_error(char const*, int, char const*, char const*)+0x62
V  [libjvm.so+0x9bb9a4]  SafepointSynchronize::begin()+0x834
V  [libjvm.so+0xacbb4f]  VMThread::loop()+0x1bf
V  [libjvm.so+0xacbfd0]  VMThread::run()+0x70
V  [libjvm.so+0x924698]  java_start(Thread*)+0x108

VM_Operation (0x00007f5e8a108450): Exit, mode: safepoint, requested by thread 0x00007f5e74001000


---------------  P R O C E S S  ---------------

Java Threads: ( => current thread )
  0x00007f5e74001000 JavaThread "SIGTERM handler" daemon [_thread_in_vm, id=8739, stack(0x00007f5e8a009000,0x00007f5e8a10a000)]
  0x00007f5ec00e4800 JavaThread "Service Thread" daemon [_thread_blocked, id=7417, stack(0x00007f5e8a20b000,0x00007f5e8a30c000)]
  0x00007f5ec00c7800 JavaThread "C1 CompilerThread3" daemon [_thread_blocked, id=7416, stack(0x00007f5e8a30c000,0x00007f5e8a40d000)]
  0x00007f5ec00c5800 JavaThread "C2 CompilerThread2" daemon [_thread_blocked, id=7415, stack(0x00007f5e8a40d000,0x00007f5e8a50e000)]
  0x00007f5ec00c3800 JavaThread "C2 CompilerThread1" daemon [_thread_blocked, id=7414, stack(0x00007f5e8a50e000,0x00007f5e8a60f000)]
  0x00007f5ec00c0800 JavaThread "C2 CompilerThread0" daemon [_thread_blocked, id=7413, stack(0x00007f5e8a60f000,0x00007f5e8a710000)]
  0x00007f5ec008c000 JavaThread "Finalizer" daemon [_thread_blocked, id=7411, stack(0x00007f5e8aaeb000,0x00007f5e8abec000)]
  0x00007f5ec0087800 JavaThread "Reference Handler" daemon [_thread_blocked, id=7410, stack(0x00007f5e8abec000,0x00007f5e8aced000)]
  0x00007f5ec0009800 JavaThread "main" [_thread_in_Java, id=7400, stack(0x00007f5ec893a000,0x00007f5ec8a3b000)]

Other Threads:
=>0x00007f5ec007f800 VMThread [stack: 0x00007f5e8aced000,0x00007f5e8adee000] [id=7409]

VM state:synchronizing (normal execution)

VM Mutex/Monitor currently owned by a thread:  ([mutex/lock_event])
[0x00007f5ec0005ed0] Safepoint_lock - owner thread: 0x00007f5ec007f800
[0x00007f5ec0005f50] Threads_lock - owner thread: 0x00007f5ec007f800

Heap:
 PSYoungGen      total 136192K, used 120840K [0x00000000d6380000, 0x00000000ded80000, 0x0000000100000000)
  eden space 131072K, 88% used [0x00000000d6380000,0x00000000dd48cd70,0x00000000de380000)
  from space 5120K, 99% used [0x00000000de880000,0x00000000ded755b0,0x00000000ded80000)
  to   space 5120K, 0% used [0x00000000de380000,0x00000000de380000,0x00000000de880000)
 ParOldGen       total 86016K, used 34510K [0x0000000082a00000, 0x0000000087e00000, 0x00000000d6380000)
  object space 86016K, 40% used [0x0000000082a00000,0x0000000084bb3b50,0x0000000087e00000)
 Metaspace       used 2656K, capacity 4498K, committed 4864K, reserved 1056768K
  class space    used 276K, capacity 386K, committed 512K, reserved 1048576K

Card table byte_map: [0x00007f5ec529d000,0x00007f5ec5689000] byte_map_base: 0x00007f5ec4e88000

Marking Bits: (ParMarkBitMap*) 0x00007f5ec7dda120
 Begin Bits: [0x00007f5e98150000, 0x00007f5e9a0a8000)
 End Bits:   [0x00007f5e9a0a8000, 0x00007f5e9c000000)

Polling page: 0x00007f5ec8939000

CodeCache: size=245760Kb used=1551Kb max_used=1563Kb free=244209Kb
 bounds [0x00007f5eb1000000, 0x00007f5eb1270000, 0x00007f5ec0000000]
 total_blobs=409 nmethods=170 adapters=154
 compilation: enabled

Compilation events (10 events):
Event: 5.315 Thread 0x00007f5ec00c3800  166       4       sun.misc.FDBigInteger::big5pow (37 bytes)
Event: 5.316 Thread 0x00007f5ec00c3800 nmethod 166 0x00007f5eb116c310 code [0x00007f5eb116c460, 0x00007f5eb116c4f8]
Event: 24.486 Thread 0x00007f5ec00c5800  167       4       sun.misc.FDBigInteger::valueOfMulPow52 (449 bytes)
Event: 24.488 Thread 0x00007f5ec00c5800 nmethod 167 0x00007f5eb1173ad0 code [0x00007f5eb1173c40, 0x00007f5eb1173eb8]
Event: 129.650 Thread 0x00007f5ec00c0800  168       4       java.lang.Math::min (11 bytes)
Event: 129.650 Thread 0x00007f5ec00c7800  169       3       sun.misc.FloatingDecimal$BinaryToASCIIBuffer::getChars (502 bytes)
Event: 129.650 Thread 0x00007f5ec00c0800 nmethod 168 0x00007f5eb110a510 code [0x00007f5eb110a640, 0x00007f5eb110a678]
Event: 129.651 Thread 0x00007f5ec00c7800 nmethod 169 0x00007f5eb117cd10 code [0x00007f5eb117cf80, 0x00007f5eb117df98]
Event: 129.989 Thread 0x00007f5ec00c0800  170       4       sun.misc.FloatingDecimal$BinaryToASCIIBuffer::getChars (502 bytes)
Event: 129.995 Thread 0x00007f5ec00c0800 nmethod 170 0x00007f5eb117c010 code [0x00007f5eb117c1c0, 0x00007f5eb117c868]

GC Heap History (8 events):
Event: 0.095 GC heap before
{Heap before GC invocations=1 (full 0):
 PSYoungGen      total 37888K, used 32082K [0x00000000d6380000, 0x00000000d8d80000, 0x0000000100000000)
  eden space 32768K, 97% used [0x00000000d6380000,0x00000000d82d4ba8,0x00000000d8380000)
  from space 5120K, 0% used [0x00000000d8880000,0x00000000d8880000,0x00000000d8d80000)
  to   space 5120K, 0% used [0x00000000d8380000,0x00000000d8380000,0x00000000d8880000)
 ParOldGen       total 86016K, used 0K [0x0000000082a00000, 0x0000000087e00000, 0x00000000d6380000)
  object space 86016K, 0% used [0x0000000082a00000,0x0000000082a00000,0x0000000087e00000)
 Metaspace       used 2522K, capacity 4494K, committed 4864K, reserved 1056768K
  class space    used 270K, capacity 386K, committed 512K, reserved 1048576K
Event: 0.158 GC heap after
Heap after GC invocations=1 (full 0):
 PSYoungGen      total 37888K, used 5089K [0x00000000d6380000, 0x00000000dad80000, 0x0000000100000000)
  eden space 32768K, 0% used [0x00000000d6380000,0x00000000d6380000,0x00000000d8380000)
  from space 5120K, 99% used [0x00000000d8380000,0x00000000d88784b0,0x00000000d8880000)
  to   space 5120K, 0% used [0x00000000da880000,0x00000000da880000,0x00000000dad80000)
 ParOldGen       total 86016K, used 26555K [0x0000000082a00000, 0x0000000087e00000, 0x00000000d6380000)
  object space 86016K, 30% used [0x0000000082a00000,0x00000000843eeda0,0x0000000087e00000)
 Metaspace       used 2522K, capacity 4494K, committed 4864K, reserved 1056768K
  class space    used 270K, capacity 386K, committed 512K, reserved 1048576K
}
Event: 0.221 GC heap before
{Heap before GC invocations=2 (full 0):
 PSYoungGen      total 37888K, used 37857K [0x00000000d6380000, 0x00000000dad80000, 0x0000000100000000)
  eden space 32768K, 100% used [0x00000000d6380000,0x00000000d8380000,0x00000000d8380000)
  from space 5120K, 99% used [0x00000000d8380000,0x00000000d88784b0,0x00000000d8880000)
  to   space 5120K, 0% used [0x00000000da880000,0x00000000da880000,0x00000000dad80000)
 ParOldGen       total 86016K, used 26555K [0x0000000082a00000, 0x0000000087e00000, 0x00000000d6380000)
  object space 86016K, 30% used [0x0000000082a00000,0x00000000843eeda0,0x0000000087e00000)
 Metaspace       used 2524K, capacity 4494K, committed 4864K, reserved 1056768K
  class space    used 270K, capacity 386K, committed 512K, reserved 1048576K
Event: 0.241 GC heap after
Heap after GC invocations=2 (full 0):
 PSYoungGen      total 70656K, used 5109K [0x00000000d6380000, 0x00000000dad80000, 0x0000000100000000)
  eden space 65536K, 0% used [0x00000000d6380000,0x00000000d6380000,0x00000000da380000)
  from space 5120K, 99% used [0x00000000da880000,0x00000000dad7d5b8,0x00000000dad80000)
  to   space 5120K, 0% used [0x00000000da380000,0x00000000da380000,0x00000000da880000)
 ParOldGen       total 86016K, used 30492K [0x0000000082a00000, 0x0000000087e00000, 0x00000000d6380000)
  object space 86016K, 35% used [0x0000000082a00000,0x00000000847c7230,0x0000000087e00000)
 Metaspace       used 2524K, capacity 4494K, committed 4864K, reserved 1056768K
  class space    used 270K, capacity 386K, committed 512K, reserved 1048576K
}
Event: 0.405 GC heap before
{Heap before GC invocations=3 (full 0):
 PSYoungGen      total 70656K, used 70645K [0x00000000d6380000, 0x00000000dad80000, 0x0000000100000000)
  eden space 65536K, 100% used [0x00000000d6380000,0x00000000da380000,0x00000000da380000)
  from space 5120K, 99% used [0x00000000da880000,0x00000000dad7d5b8,0x00000000dad80000)
  to   space 5120K, 0% used [0x00000000da380000,0x00000000da380000,0x00000000da880000)
 ParOldGen       total 86016K, used 30492K [0x0000000082a00000, 0x0000000087e00000, 0x00000000d6380000)
  object space 86016K, 35% used [0x0000000082a00000,0x00000000847c7230,0x0000000087e00000)
 Metaspace       used 2524K, capacity 4494K, committed 4864K, reserved 1056768K
  class space    used 270K, capacity 386K, committed 512K, reserved 1048576K
Event: 0.422 GC heap after
Heap after GC invocations=3 (full 0):
 PSYoungGen      total 70656K, used 5093K [0x00000000d6380000, 0x00000000ded80000, 0x0000000100000000)
  eden space 65536K, 0% used [0x00000000d6380000,0x00000000d6380000,0x00000000da380000)
  from space 5120K, 99% used [0x00000000da380000,0x00000000da8795c8,0x00000000da880000)
  to   space 5120K, 0% used [0x00000000de880000,0x00000000de880000,0x00000000ded80000)
 ParOldGen       total 86016K, used 30604K [0x0000000082a00000, 0x0000000087e00000, 0x00000000d6380000)
  object space 86016K, 35% used [0x0000000082a00000,0x00000000847e3230,0x0000000087e00000)
 Metaspace       used 2524K, capacity 4494K, committed 4864K, reserved 1056768K
  class space    used 270K, capacity 386K, committed 512K, reserved 1048576K
}
Event: 129.741 GC heap before
{Heap before GC invocations=4 (full 0):
 PSYoungGen      total 70656K, used 70629K [0x00000000d6380000, 0x00000000ded80000, 0x0000000100000000)
  eden space 65536K, 100% used [0x00000000d6380000,0x00000000da380000,0x00000000da380000)
  from space 5120K, 99% used [0x00000000da380000,0x00000000da8795c8,0x00000000da880000)
  to   space 5120K, 0% used [0x00000000de880000,0x00000000de880000,0x00000000ded80000)
 ParOldGen       total 86016K, used 30604K [0x0000000082a00000, 0x0000000087e00000, 0x00000000d6380000)
  object space 86016K, 35% used [0x0000000082a00000,0x00000000847e3230,0x0000000087e00000)
 Metaspace       used 2648K, capacity 4498K, committed 4864K, reserved 1056768K
  class space    used 275K, capacity 386K, committed 512K, reserved 1048576K
Event: 129.781 GC heap after
Heap after GC invocations=4 (full 0):
 PSYoungGen      total 136192K, used 5077K [0x00000000d6380000, 0x00000000ded80000, 0x0000000100000000)
  eden space 131072K, 0% used [0x00000000d6380000,0x00000000d6380000,0x00000000de380000)
  from space 5120K, 99% used [0x00000000de880000,0x00000000ded755b0,0x00000000ded80000)
  to   space 5120K, 0% used [0x00000000de380000,0x00000000de380000,0x00000000de880000)
 ParOldGen       total 86016K, used 34510K [0x0000000082a00000, 0x0000000087e00000, 0x00000000d6380000)
  object space 86016K, 40% used [0x0000000082a00000,0x0000000084bb3b50,0x0000000087e00000)
 Metaspace       used 2648K, capacity 4498K, committed 4864K, reserved 1056768K
  class space    used 275K, capacity 386K, committed 512K, reserved 1048576K
}

Deoptimization events (4 events):
Event: 0.093 Thread 0x00007f5ec0009800 Uncommon trap: reason=unstable_if action=reinterpret pc=0x00007f5eb1111894 method=closestpair.ClosestPair.fillArray([Lclosestpair/Point;)V @ 5
Event: 0.511 Thread 0x00007f5ec0009800 Uncommon trap: reason=unstable_if action=reinterpret pc=0x00007f5eb1118f6c method=closestpair.ClosestPair.closestPair([Lclosestpair/Point;I)[Lclosestpair/Point; @ 34
Event: 0.518 Thread 0x00007f5ec0009800 Uncommon trap: reason=unstable_if action=reinterpret pc=0x00007f5eb11111a4 method=closestpair.ClosestPair.closestPair([Lclosestpair/Point;I)[Lclosestpair/Point; @ 58
Event: 129.649 Thread 0x00007f5ec0009800 Uncommon trap: reason=unstable_if action=reinterpret pc=0x00007f5eb117161c method=sun.misc.FloatingDecimal$BinaryToASCIIBuffer.getChars([C)I @ 94

Internal exceptions (2 events):
Event: 0.025 Thread 0x00007f5ec0009800 Exception <a 'java/lang/NoSuchMethodError': Method sun.misc.Unsafe.defineClass(Ljava/lang/String;[BII)Ljava/lang/Class; name or signature does not match> (0x00000000d6387cc0) thrown at [/HUDSON3/workspace/8-2-build-linux-amd64/jdk8u101/7261/hotspot/src/sh
Event: 0.025 Thread 0x00007f5ec0009800 Exception <a 'java/lang/NoSuchMethodError': Method sun.misc.Unsafe.prefetchRead(Ljava/lang/Object;J)V name or signature does not match> (0x00000000d6387fa8) thrown at [/HUDSON3/workspace/8-2-build-linux-amd64/jdk8u101/7261/hotspot/src/share/vm/prims/jni.c

Events (10 events):
Event: 129.781 Executing VM operation: ParallelGCFailedAllocation done
Event: 1583.910 loading class sun/misc/Signal$1
Event: 1583.910 loading class sun/misc/Signal$1 done
Event: 1583.910 Thread 0x00007f5e74001000 Thread added: 0x00007f5e74001000
Event: 1583.910 loading class java/lang/Shutdown
Event: 1583.910 loading class java/lang/Shutdown done
Event: 1583.910 loading class java/lang/Shutdown$Lock
Event: 1583.910 loading class java/lang/Shutdown$Lock done
Event: 1583.911 Thread 0x00007f5ec00bf000 Thread exited: 0x00007f5ec00bf000
Event: 1583.911 Executing VM operation: Exit


Dynamic libraries:
00400000-00401000 r-xp 00000000 08:05 5245332                            /home/plenhart/jdk1.8.0_101/bin/java
00600000-00601000 rw-p 00000000 08:05 5245332                            /home/plenhart/jdk1.8.0_101/bin/java
00bfd000-00c1e000 rw-p 00000000 00:00 0                                  [heap]
82a00000-87e00000 rw-p 00000000 00:00 0 
87e00000-d6380000 ---p 00000000 00:00 0 
d6380000-ded80000 rw-p 00000000 00:00 0 
ded80000-100000000 ---p 00000000 00:00 0 
100000000-100080000 rw-p 00000000 00:00 0 
100080000-140000000 ---p 00000000 00:00 0 
7f5e5c000000-7f5e5c021000 rw-p 00000000 00:00 0 
7f5e5c021000-7f5e60000000 ---p 00000000 00:00 0 
7f5e60000000-7f5e60021000 rw-p 00000000 00:00 0 
7f5e60021000-7f5e64000000 ---p 00000000 00:00 0 
7f5e64000000-7f5e640ad000 rw-p 00000000 00:00 0 
7f5e640ad000-7f5e68000000 ---p 00000000 00:00 0 
7f5e68000000-7f5e68021000 rw-p 00000000 00:00 0 
7f5e68021000-7f5e6c000000 ---p 00000000 00:00 0 
7f5e6c000000-7f5e6c3ce000 rw-p 00000000 00:00 0 
7f5e6c3ce000-7f5e70000000 ---p 00000000 00:00 0 
7f5e70000000-7f5e704f9000 rw-p 00000000 00:00 0 
7f5e704f9000-7f5e74000000 ---p 00000000 00:00 0 
7f5e74000000-7f5e74021000 rw-p 00000000 00:00 0 
7f5e74021000-7f5e78000000 ---p 00000000 00:00 0 
7f5e78000000-7f5e782cc000 rw-p 00000000 00:00 0 
7f5e782cc000-7f5e7c000000 ---p 00000000 00:00 0 
7f5e7c000000-7f5e7c021000 rw-p 00000000 00:00 0 
7f5e7c021000-7f5e80000000 ---p 00000000 00:00 0 
7f5e80000000-7f5e80021000 rw-p 00000000 00:00 0 
7f5e80021000-7f5e84000000 ---p 00000000 00:00 0 
7f5e84000000-7f5e84021000 rw-p 00000000 00:00 0 
7f5e84021000-7f5e88000000 ---p 00000000 00:00 0 
7f5e89d82000-7f5e8a009000 rw-p 00000000 00:00 0 
7f5e8a009000-7f5e8a00c000 ---p 00000000 00:00 0 
7f5e8a00c000-7f5e8a10a000 rw-p 00000000 00:00 0 
7f5e8a10a000-7f5e8a10b000 ---p 00000000 00:00 0 
7f5e8a10b000-7f5e8a20b000 rw-p 00000000 00:00 0 
7f5e8a20b000-7f5e8a20e000 ---p 00000000 00:00 0 
7f5e8a20e000-7f5e8a30c000 rw-p 00000000 00:00 0 
7f5e8a30c000-7f5e8a30f000 ---p 00000000 00:00 0 
7f5e8a30f000-7f5e8a40d000 rw-p 00000000 00:00 0 
7f5e8a40d000-7f5e8a410000 ---p 00000000 00:00 0 
7f5e8a410000-7f5e8a50e000 rw-p 00000000 00:00 0 
7f5e8a50e000-7f5e8a511000 ---p 00000000 00:00 0 
7f5e8a511000-7f5e8a60f000 rw-p 00000000 00:00 0 
7f5e8a60f000-7f5e8a612000 ---p 00000000 00:00 0 
7f5e8a612000-7f5e8a710000 rw-p 00000000 00:00 0 
7f5e8a710000-7f5e8a713000 ---p 00000000 00:00 0 
7f5e8a713000-7f5e8a811000 rw-p 00000000 00:00 0 
7f5e8a811000-7f5e8aae9000 r--p 00000000 08:05 15728652                   /usr/lib/locale/locale-archive
7f5e8aaeb000-7f5e8aaee000 ---p 00000000 00:00 0 
7f5e8aaee000-7f5e8abec000 rw-p 00000000 00:00 0 
7f5e8abec000-7f5e8abef000 ---p 00000000 00:00 0 
7f5e8abef000-7f5e8aced000 rw-p 00000000 00:00 0 
7f5e8aced000-7f5e8acee000 ---p 00000000 00:00 0 
7f5e8acee000-7f5e8c000000 rw-p 00000000 00:00 0 
7f5e8c000000-7f5e8c021000 rw-p 00000000 00:00 0 
7f5e8c021000-7f5e90000000 ---p 00000000 00:00 0 
7f5e90000000-7f5e90021000 rw-p 00000000 00:00 0 
7f5e90021000-7f5e94000000 ---p 00000000 00:00 0 
7f5e94000000-7f5e94021000 rw-p 00000000 00:00 0 
7f5e94021000-7f5e98000000 ---p 00000000 00:00 0 
7f5e9804f000-7f5e9c000000 rw-p 00000000 00:00 0 
7f5e9c000000-7f5e9c021000 rw-p 00000000 00:00 0 
7f5e9c021000-7f5ea0000000 ---p 00000000 00:00 0 
7f5ea0000000-7f5ea0021000 rw-p 00000000 00:00 0 
7f5ea0021000-7f5ea4000000 ---p 00000000 00:00 0 
7f5ea4000000-7f5ea4021000 rw-p 00000000 00:00 0 
7f5ea4021000-7f5ea8000000 ---p 00000000 00:00 0 
7f5ea8000000-7f5ea8021000 rw-p 00000000 00:00 0 
7f5ea8021000-7f5eac000000 ---p 00000000 00:00 0 
7f5eac000000-7f5eac021000 rw-p 00000000 00:00 0 
7f5eac021000-7f5eb0000000 ---p 00000000 00:00 0 
7f5eb0054000-7f5eb0c40000 rw-p 00000000 00:00 0 
7f5eb0c40000-7f5eb1000000 ---p 00000000 00:00 0 
7f5eb1000000-7f5eb1270000 rwxp 00000000 00:00 0 
7f5eb1270000-7f5ec0000000 ---p 00000000 00:00 0 
7f5ec0000000-7f5ec010f000 rw-p 00000000 00:00 0 
7f5ec010f000-7f5ec4000000 ---p 00000000 00:00 0 
7f5ec4007000-7f5ec41ba000 rw-p 00000000 00:00 0 
7f5ec41ba000-7f5ec4393000 r--s 03d29000 08:05 5245277                    /home/plenhart/jdk1.8.0_101/jre/lib/rt.jar
7f5ec4397000-7f5ec47f8000 rw-p 00000000 00:00 0 
7f5ec47f8000-7f5ec47f9000 ---p 00000000 00:00 0 
7f5ec47f9000-7f5ec48f9000 rw-p 00000000 00:00 0 
7f5ec48f9000-7f5ec48fa000 ---p 00000000 00:00 0 
7f5ec48fa000-7f5ec49fa000 rw-p 00000000 00:00 0 
7f5ec49fa000-7f5ec49fb000 ---p 00000000 00:00 0 
7f5ec49fb000-7f5ec4afb000 rw-p 00000000 00:00 0 
7f5ec4afb000-7f5ec4afc000 ---p 00000000 00:00 0 
7f5ec4afc000-7f5ec4bfc000 rw-p 00000000 00:00 0 
7f5ec4bfc000-7f5ec4bfd000 ---p 00000000 00:00 0 
7f5ec4bfd000-7f5ec4cfd000 rw-p 00000000 00:00 0 
7f5ec4cfd000-7f5ec4cfe000 ---p 00000000 00:00 0 
7f5ec4cfe000-7f5ec4dfe000 rw-p 00000000 00:00 0 
7f5ec4dfe000-7f5ec4dff000 ---p 00000000 00:00 0 
7f5ec4dff000-7f5ec4eff000 rw-p 00000000 00:00 0 
7f5ec4eff000-7f5ec4f00000 ---p 00000000 00:00 0 
7f5ec4f00000-7f5ec502a000 rw-p 00000000 00:00 0 
7f5ec502a000-7f5ec529d000 ---p 00000000 00:00 0 
7f5ec529d000-7f5ec52c7000 rw-p 00000000 00:00 0 
7f5ec52c7000-7f5ec5539000 ---p 00000000 00:00 0 
7f5ec5539000-7f5ec557f000 rw-p 00000000 00:00 0 
7f5ec557f000-7f5ec5688000 ---p 00000000 00:00 0 
7f5ec5688000-7f5ec5693000 rw-p 00000000 00:00 0 
7f5ec5693000-7f5ec5a49000 ---p 00000000 00:00 0 
7f5ec5a49000-7f5ec5a63000 r-xp 00000000 08:05 5245134                    /home/plenhart/jdk1.8.0_101/jre/lib/amd64/libzip.so
7f5ec5a63000-7f5ec5c63000 ---p 0001a000 08:05 5245134                    /home/plenhart/jdk1.8.0_101/jre/lib/amd64/libzip.so
7f5ec5c63000-7f5ec5c64000 rw-p 0001a000 08:05 5245134                    /home/plenhart/jdk1.8.0_101/jre/lib/amd64/libzip.so
7f5ec5c69000-7f5ec5c74000 r-xp 00000000 08:05 8651078                    /lib/x86_64-linux-gnu/libnss_files-2.23.so
7f5ec5c74000-7f5ec5e73000 ---p 0000b000 08:05 8651078                    /lib/x86_64-linux-gnu/libnss_files-2.23.so
7f5ec5e73000-7f5ec5e74000 r--p 0000a000 08:05 8651078                    /lib/x86_64-linux-gnu/libnss_files-2.23.so
7f5ec5e74000-7f5ec5e75000 rw-p 0000b000 08:05 8651078                    /lib/x86_64-linux-gnu/libnss_files-2.23.so
7f5ec5e75000-7f5ec5e7b000 rw-p 00000000 00:00 0 
7f5ec5e81000-7f5ec5e8c000 r-xp 00000000 08:05 8650850                    /lib/x86_64-linux-gnu/libnss_nis-2.23.so
7f5ec5e8c000-7f5ec608b000 ---p 0000b000 08:05 8650850                    /lib/x86_64-linux-gnu/libnss_nis-2.23.so
7f5ec608b000-7f5ec608c000 r--p 0000a000 08:05 8650850                    /lib/x86_64-linux-gnu/libnss_nis-2.23.so
7f5ec608c000-7f5ec608d000 rw-p 0000b000 08:05 8650850                    /lib/x86_64-linux-gnu/libnss_nis-2.23.so
7f5ec6091000-7f5ec60a7000 r-xp 00000000 08:05 8650846                    /lib/x86_64-linux-gnu/libnsl-2.23.so
7f5ec60a7000-7f5ec62a6000 ---p 00016000 08:05 8650846                    /lib/x86_64-linux-gnu/libnsl-2.23.so
7f5ec62a6000-7f5ec62a7000 r--p 00015000 08:05 8650846                    /lib/x86_64-linux-gnu/libnsl-2.23.so
7f5ec62a7000-7f5ec62a8000 rw-p 00016000 08:05 8650846                    /lib/x86_64-linux-gnu/libnsl-2.23.so
7f5ec62a8000-7f5ec62aa000 rw-p 00000000 00:00 0 
7f5ec62b1000-7f5ec62b9000 r-xp 00000000 08:05 8650778                    /lib/x86_64-linux-gnu/libnss_compat-2.23.so
7f5ec62b9000-7f5ec64b8000 ---p 00008000 08:05 8650778                    /lib/x86_64-linux-gnu/libnss_compat-2.23.so
7f5ec64b8000-7f5ec64b9000 r--p 00007000 08:05 8650778                    /lib/x86_64-linux-gnu/libnss_compat-2.23.so
7f5ec64b9000-7f5ec64ba000 rw-p 00008000 08:05 8650778                    /lib/x86_64-linux-gnu/libnss_compat-2.23.so
7f5ec64c1000-7f5ec64eb000 r-xp 00000000 08:05 5245110                    /home/plenhart/jdk1.8.0_101/jre/lib/amd64/libjava.so
7f5ec64eb000-7f5ec66eb000 ---p 0002a000 08:05 5245110                    /home/plenhart/jdk1.8.0_101/jre/lib/amd64/libjava.so
7f5ec66eb000-7f5ec66ed000 rw-p 0002a000 08:05 5245110                    /home/plenhart/jdk1.8.0_101/jre/lib/amd64/libjava.so
7f5ec66f1000-7f5ec66fe000 r-xp 00000000 08:05 5245075                    /home/plenhart/jdk1.8.0_101/jre/lib/amd64/libverify.so
7f5ec66fe000-7f5ec68fe000 ---p 0000d000 08:05 5245075                    /home/plenhart/jdk1.8.0_101/jre/lib/amd64/libverify.so
7f5ec68fe000-7f5ec6900000 rw-p 0000d000 08:05 5245075                    /home/plenhart/jdk1.8.0_101/jre/lib/amd64/libverify.so
7f5ec6901000-7f5ec6908000 r-xp 00000000 08:05 8651096                    /lib/x86_64-linux-gnu/librt-2.23.so
7f5ec6908000-7f5ec6b07000 ---p 00007000 08:05 8651096                    /lib/x86_64-linux-gnu/librt-2.23.so
7f5ec6b07000-7f5ec6b08000 r--p 00006000 08:05 8651096                    /lib/x86_64-linux-gnu/librt-2.23.so
7f5ec6b08000-7f5ec6b09000 rw-p 00007000 08:05 8651096                    /lib/x86_64-linux-gnu/librt-2.23.so
7f5ec6b09000-7f5ec6c11000 r-xp 00000000 08:05 8651090                    /lib/x86_64-linux-gnu/libm-2.23.so
7f5ec6c11000-7f5ec6e10000 ---p 00108000 08:05 8651090                    /lib/x86_64-linux-gnu/libm-2.23.so
7f5ec6e10000-7f5ec6e11000 r--p 00107000 08:05 8651090                    /lib/x86_64-linux-gnu/libm-2.23.so
7f5ec6e11000-7f5ec6e12000 rw-p 00108000 08:05 8651090                    /lib/x86_64-linux-gnu/libm-2.23.so
7f5ec6e19000-7f5ec7ae4000 r-xp 00000000 08:05 5244992                    /home/plenhart/jdk1.8.0_101/jre/lib/amd64/server/libjvm.so
7f5ec7ae4000-7f5ec7ce3000 ---p 00ccb000 08:05 5244992                    /home/plenhart/jdk1.8.0_101/jre/lib/amd64/server/libjvm.so
7f5ec7ce3000-7f5ec7dbc000 rw-p 00cca000 08:05 5244992                    /home/plenhart/jdk1.8.0_101/jre/lib/amd64/server/libjvm.so
7f5ec7dbc000-7f5ec7e07000 rw-p 00000000 00:00 0 
7f5ec7e09000-7f5ec7fc8000 r-xp 00000000 08:05 8651107                    /lib/x86_64-linux-gnu/libc-2.23.so
7f5ec7fc8000-7f5ec81c8000 ---p 001bf000 08:05 8651107                    /lib/x86_64-linux-gnu/libc-2.23.so
7f5ec81c8000-7f5ec81cc000 r--p 001bf000 08:05 8651107                    /lib/x86_64-linux-gnu/libc-2.23.so
7f5ec81cc000-7f5ec81ce000 rw-p 001c3000 08:05 8651107                    /lib/x86_64-linux-gnu/libc-2.23.so
7f5ec81ce000-7f5ec81d2000 rw-p 00000000 00:00 0 
7f5ec81d9000-7f5ec81dc000 r-xp 00000000 08:05 8651109                    /lib/x86_64-linux-gnu/libdl-2.23.so
7f5ec81dc000-7f5ec83db000 ---p 00003000 08:05 8651109                    /lib/x86_64-linux-gnu/libdl-2.23.so
7f5ec83db000-7f5ec83dc000 r--p 00002000 08:05 8651109                    /lib/x86_64-linux-gnu/libdl-2.23.so
7f5ec83dc000-7f5ec83dd000 rw-p 00003000 08:05 8651109                    /lib/x86_64-linux-gnu/libdl-2.23.so
7f5ec83e1000-7f5ec83f6000 r-xp 00000000 08:05 5245143                    /home/plenhart/jdk1.8.0_101/lib/amd64/jli/libjli.so
7f5ec83f6000-7f5ec85f6000 ---p 00015000 08:05 5245143                    /home/plenhart/jdk1.8.0_101/lib/amd64/jli/libjli.so
7f5ec85f6000-7f5ec85f7000 rw-p 00015000 08:05 5245143                    /home/plenhart/jdk1.8.0_101/lib/amd64/jli/libjli.so
7f5ec85f9000-7f5ec8611000 r-xp 00000000 08:05 8651105                    /lib/x86_64-linux-gnu/libpthread-2.23.so
7f5ec8611000-7f5ec8810000 ---p 00018000 08:05 8651105                    /lib/x86_64-linux-gnu/libpthread-2.23.so
7f5ec8810000-7f5ec8811000 r--p 00017000 08:05 8651105                    /lib/x86_64-linux-gnu/libpthread-2.23.so
7f5ec8811000-7f5ec8812000 rw-p 00018000 08:05 8651105                    /lib/x86_64-linux-gnu/libpthread-2.23.so
7f5ec8812000-7f5ec8816000 rw-p 00000000 00:00 0 
7f5ec8819000-7f5ec883f000 r-xp 00000000 08:05 8651098                    /lib/x86_64-linux-gnu/ld-2.23.so
7f5ec885d000-7f5ec8929000 rw-p 00000000 00:00 0 
7f5ec8929000-7f5ec8931000 rw-s 00000000 08:05 2361516                    /tmp/hsperfdata_plenhart/7396
7f5ec8938000-7f5ec8939000 rw-p 00000000 00:00 0 
7f5ec8939000-7f5ec893a000 ---p 00000000 00:00 0 
7f5ec893a000-7f5ec893d000 ---p 00000000 00:00 0 
7f5ec893d000-7f5ec8a3e000 rw-p 00000000 00:00 0 
7f5ec8a3e000-7f5ec8a3f000 r--p 00025000 08:05 8651098                    /lib/x86_64-linux-gnu/ld-2.23.so
7f5ec8a3f000-7f5ec8a40000 rw-p 00026000 08:05 8651098                    /lib/x86_64-linux-gnu/ld-2.23.so
7f5ec8a40000-7f5ec8a42000 rw-p 00000000 00:00 0 
7f5ec8a42000-7f5ec8a44000 rw-p 00000000 00:00 0 
7ffc4792d000-7ffc4794e000 rw-p 00000000 00:00 0                          [stack]
7ffc479e1000-7ffc479e3000 r--p 00000000 00:00 0                          [vvar]
7ffc479e3000-7ffc479e5000 r-xp 00000000 00:00 0                          [vdso]
ffffffffff600000-ffffffffff601000 r-xp 00000000 00:00 0                  [vsyscall]

VM Arguments:
jvm_args: -Dfile.encoding=UTF-8 
java_command: closestpair.ClosestPair
java_class_path (initial): /home/plenhart/NetBeansProjects/ClosestPair/build/classes
Launcher Type: SUN_STANDARD

Environment Variables:
PATH=/usr/local/sbin:/usr/local/bin:/usr/sbin:/usr/bin:/sbin:/bin:/usr/games:/usr/local/games:/snap/bin
LD_LIBRARY_PATH=/home/plenhart/jdk1.8.0_101/jre/lib/amd64:/home/plenhart/jdk1.8.0_101/jre/lib/i386:
SHELL=/bin/bash
DISPLAY=:0

Signal Handlers:
SIGSEGV: [libjvm.so+0xac4790], sa_mask[0]=11111111011111111101111111111110, sa_flags=SA_RESTART|SA_SIGINFO
SIGBUS: [libjvm.so+0xac4790], sa_mask[0]=11111111011111111101111111111110, sa_flags=SA_RESTART|SA_SIGINFO
SIGFPE: [libjvm.so+0x91f140], sa_mask[0]=11111111011111111101111111111110, sa_flags=SA_RESTART|SA_SIGINFO
SIGPIPE: [libjvm.so+0x91f140], sa_mask[0]=11111111011111111101111111111110, sa_flags=SA_RESTART|SA_SIGINFO
SIGXFSZ: [libjvm.so+0x91f140], sa_mask[0]=11111111011111111101111111111110, sa_flags=SA_RESTART|SA_SIGINFO
SIGILL: [libjvm.so+0x91f140], sa_mask[0]=11111111011111111101111111111110, sa_flags=SA_RESTART|SA_SIGINFO
SIGUSR1: SIG_DFL, sa_mask[0]=00000000000000000000000000000000, sa_flags=none
SIGUSR2: [libjvm.so+0x920770], sa_mask[0]=00100000000000000000000000000000, sa_flags=SA_RESTART|SA_SIGINFO
SIGHUP: [libjvm.so+0x921b70], sa_mask[0]=11111111011111111101111111111110, sa_flags=SA_RESTART|SA_SIGINFO
SIGINT: SIG_IGN, sa_mask[0]=00000000000000000000000000000000, sa_flags=none
SIGTERM: [libjvm.so+0x921b70], sa_mask[0]=11111111011111111101111111111110, sa_flags=SA_RESTART|SA_SIGINFO
SIGQUIT: [libjvm.so+0x921b70], sa_mask[0]=11111111011111111101111111111110, sa_flags=SA_RESTART|SA_SIGINFO


---------------  S Y S T E M  ---------------

OS:DISTRIB_ID=Ubuntu
DISTRIB_RELEASE=16.04
DISTRIB_CODENAME=xenial
DISTRIB_DESCRIPTION="Ubuntu 16.04.1 LTS"

uname:Linux 4.4.0-47-generic #68-Ubuntu SMP Wed Oct 26 19:39:52 UTC 2016 x86_64
libc:glibc 2.23 NPTL 2.23 
rlimit: STACK 8192k, CORE 0k, NPROC 31668, NOFILE 65536, AS infinity
load average:2.22 2.13 1.95

/proc/meminfo:
MemTotal:        8213632 kB
MemFree:          268772 kB
MemAvailable:    3820716 kB
Buffers:          306236 kB
Cached:          3371832 kB
SwapCached:            0 kB
Active:          4726524 kB
Inactive:        1908864 kB
Active(anon):    2960376 kB
Inactive(anon):   154004 kB
Active(file):    1766148 kB
Inactive(file):  1754860 kB
Unevictable:          32 kB
Mlocked:              32 kB
SwapTotal:             0 kB
SwapFree:              0 kB
Dirty:               436 kB
Writeback:             0 kB
AnonPages:       2957612 kB
Mapped:           593488 kB
Shmem:            157064 kB
Slab:             386488 kB
SReclaimable:     336840 kB
SUnreclaim:        49648 kB
KernelStack:       11536 kB
PageTables:        45992 kB
NFS_Unstable:          0 kB
Bounce:                0 kB
WritebackTmp:          0 kB
CommitLimit:     4106816 kB
Committed_AS:    7697344 kB
VmallocTotal:   34359738367 kB
VmallocUsed:           0 kB
VmallocChunk:          0 kB
HardwareCorrupted:     0 kB
AnonHugePages:   1486848 kB
CmaTotal:              0 kB
CmaFree:               0 kB
HugePages_Total:       0
HugePages_Free:        0
HugePages_Rsvd:        0
HugePages_Surp:        0
Hugepagesize:       2048 kB
DirectMap4k:     2514596 kB
DirectMap2M:     5847040 kB
DirectMap1G:           0 kB


CPU:total 8 (8 cores per cpu, 1 threads per core) family 21 model 2 stepping 0, cmov, cx8, fxsr, mmx, sse, sse2, sse3, ssse3, sse4.1, sse4.2, popcnt, avx, aes, clmul, mmxext, 3dnowpref, lzcnt, sse4a, tsc, tscinvbit, tscinv, bmi1

/proc/cpuinfo:
processor	: 0
vendor_id	: AuthenticAMD
cpu family	: 21
model		: 2
model name	: AMD FX(tm)-8350 Eight-Core Processor
stepping	: 0
microcode	: 0x6000803
cpu MHz		: 1400.000
cache size	: 2048 KB
physical id	: 0
siblings	: 8
core id		: 0
cpu cores	: 4
apicid		: 16
initial apicid	: 0
fpu		: yes
fpu_exception	: yes
cpuid level	: 13
wp		: yes
flags		: fpu vme de pse tsc msr pae mce cx8 apic sep mtrr pge mca cmov pat pse36 clflush mmx fxsr sse sse2 ht syscall nx mmxext fxsr_opt pdpe1gb rdtscp lm constant_tsc rep_good nopl nonstop_tsc extd_apicid aperfmperf pni pclmulqdq monitor ssse3 fma cx16 sse4_1 sse4_2 popcnt aes xsave avx f16c lahf_lm cmp_legacy svm extapic cr8_legacy abm sse4a misalignsse 3dnowprefetch osvw ibs xop skinit wdt lwp fma4 tce nodeid_msr tbm topoext perfctr_core perfctr_nb cpb hw_pstate vmmcall bmi1 arat npt lbrv svm_lock nrip_save tsc_scale vmcb_clean flushbyasid decodeassists pausefilter pfthreshold
bugs		: fxsave_leak sysret_ss_attrs
bogomips	: 8036.69
TLB size	: 1536 4K pages
clflush size	: 64
cache_alignment	: 64
address sizes	: 48 bits physical, 48 bits virtual
power management: ts ttp tm 100mhzsteps hwpstate cpb eff_freq_ro

processor	: 1
vendor_id	: AuthenticAMD
cpu family	: 21
model		: 2
model name	: AMD FX(tm)-8350 Eight-Core Processor
stepping	: 0
microcode	: 0x6000803
cpu MHz		: 1400.000
cache size	: 2048 KB
physical id	: 0
siblings	: 8
core id		: 1
cpu cores	: 4
apicid		: 17
initial apicid	: 1
fpu		: yes
fpu_exception	: yes
cpuid level	: 13
wp		: yes
flags		: fpu vme de pse tsc msr pae mce cx8 apic sep mtrr pge mca cmov pat pse36 clflush mmx fxsr sse sse2 ht syscall nx mmxext fxsr_opt pdpe1gb rdtscp lm constant_tsc rep_good nopl nonstop_tsc extd_apicid aperfmperf pni pclmulqdq monitor ssse3 fma cx16 sse4_1 sse4_2 popcnt aes xsave avx f16c lahf_lm cmp_legacy svm extapic cr8_legacy abm sse4a misalignsse 3dnowprefetch osvw ibs xop skinit wdt lwp fma4 tce nodeid_msr tbm topoext perfctr_core perfctr_nb cpb hw_pstate vmmcall bmi1 arat npt lbrv svm_lock nrip_save tsc_scale vmcb_clean flushbyasid decodeassists pausefilter pfthreshold
bugs		: fxsave_leak sysret_ss_attrs
bogomips	: 8036.69
TLB size	: 1536 4K pages
clflush size	: 64
cache_alignment	: 64
address sizes	: 48 bits physical, 48 bits virtual
power management: ts ttp tm 100mhzsteps hwpstate cpb eff_freq_ro

processor	: 2
vendor_id	: AuthenticAMD
cpu family	: 21
model		: 2
model name	: AMD FX(tm)-8350 Eight-Core Processor
stepping	: 0
microcode	: 0x6000803
cpu MHz		: 2800.000
cache size	: 2048 KB
physical id	: 0
siblings	: 8
core id		: 2
cpu cores	: 4
apicid		: 18
initial apicid	: 2
fpu		: yes
fpu_exception	: yes
cpuid level	: 13
wp		: yes
flags		: fpu vme de pse tsc msr pae mce cx8 apic sep mtrr pge mca cmov pat pse36 clflush mmx fxsr sse sse2 ht syscall nx mmxext fxsr_opt pdpe1gb rdtscp lm constant_tsc rep_good nopl nonstop_tsc extd_apicid aperfmperf pni pclmulqdq monitor ssse3 fma cx16 sse4_1 sse4_2 popcnt aes xsave avx f16c lahf_lm cmp_legacy svm extapic cr8_legacy abm sse4a misalignsse 3dnowprefetch osvw ibs xop skinit wdt lwp fma4 tce nodeid_msr tbm topoext perfctr_core perfctr_nb cpb hw_pstate vmmcall bmi1 arat npt lbrv svm_lock nrip_save tsc_scale vmcb_clean flushbyasid decodeassists pausefilter pfthreshold
bugs		: fxsave_leak sysret_ss_attrs
bogomips	: 8036.69
TLB size	: 1536 4K pages
clflush size	: 64
cache_alignment	: 64
address sizes	: 48 bits physical, 48 bits virtual
power management: ts ttp tm 100mhzsteps hwpstate cpb eff_freq_ro

processor	: 3
vendor_id	: AuthenticAMD
cpu family	: 21
model		: 2
model name	: AMD FX(tm)-8350 Eight-Core Processor
stepping	: 0
microcode	: 0x6000803
cpu MHz		: 1400.000
cache size	: 2048 KB
physical id	: 0
siblings	: 8
core id		: 3
cpu cores	: 4
apicid		: 19
initial apicid	: 3
fpu		: yes
fpu_exception	: yes
cpuid level	: 13
wp		: yes
flags		: fpu vme de pse tsc msr pae mce cx8 apic sep mtrr pge mca cmov pat pse36 clflush mmx fxsr sse sse2 ht syscall nx mmxext fxsr_opt pdpe1gb rdtscp lm constant_tsc rep_good nopl nonstop_tsc extd_apicid aperfmperf pni pclmulqdq monitor ssse3 fma cx16 sse4_1 sse4_2 popcnt aes xsave avx f16c lahf_lm cmp_legacy svm extapic cr8_legacy abm sse4a misalignsse 3dnowprefetch osvw ibs xop skinit wdt lwp fma4 tce nodeid_msr tbm topoext perfctr_core perfctr_nb cpb hw_pstate vmmcall bmi1 arat npt lbrv svm_lock nrip_save tsc_scale vmcb_clean flushbyasid decodeassists pausefilter pfthreshold
bugs		: fxsave_leak sysret_ss_attrs
bogomips	: 8036.69
TLB size	: 1536 4K pages
clflush size	: 64
cache_alignment	: 64
address sizes	: 48 bits physical, 48 bits virtual
power management: ts ttp tm 100mhzsteps hwpstate cpb eff_freq_ro

processor	: 4
vendor_id	: AuthenticAMD
cpu family	: 21
model		: 2
model name	: AMD FX(tm)-8350 Eight-Core Processor
stepping	: 0
microcode	: 0x6000803
cpu MHz		: 4000.000
cache size	: 2048 KB
physical id	: 0
siblings	: 8
core id		: 4
cpu cores	: 4
apicid		: 20
initial apicid	: 4
fpu		: yes
fpu_exception	: yes
cpuid level	: 13
wp		: yes
flags		: fpu vme de pse tsc msr pae mce cx8 apic sep mtrr pge mca cmov pat pse36 clflush mmx fxsr sse sse2 ht syscall nx mmxext fxsr_opt pdpe1gb rdtscp lm constant_tsc rep_good nopl nonstop_tsc extd_apicid aperfmperf pni pclmulqdq monitor ssse3 fma cx16 sse4_1 sse4_2 popcnt aes xsave avx f16c lahf_lm cmp_legacy svm extapic cr8_legacy abm sse4a misalignsse 3dnowprefetch osvw ibs xop skinit wdt lwp fma4 tce nodeid_msr tbm topoext perfctr_core perfctr_nb cpb hw_pstate vmmcall bmi1 arat npt lbrv svm_lock nrip_save tsc_scale vmcb_clean flushbyasid decodeassists pausefilter pfthreshold
bugs		: fxsave_leak sysret_ss_attrs
bogomips	: 8036.69
TLB size	: 1536 4K pages
clflush size	: 64
cache_alignment	: 64
address sizes	: 48 bits physical, 48 bits virtual
power management: ts ttp tm 100mhzsteps hwpstate cpb eff_freq_ro

processor	: 5
vendor_id	: AuthenticAMD
cpu family	: 21
model		: 2
model name	: AMD FX(tm)-8350 Eight-Core Processor
stepping	: 0
microcode	: 0x6000803
cpu MHz		: 1400.000
cache size	: 2048 KB
physical id	: 0
siblings	: 8
core id		: 5
cpu cores	: 4
apicid		: 21
initial apicid	: 5
fpu		: yes
fpu_exception	: yes
cpuid level	: 13
wp		: yes
flags		: fpu vme de pse tsc msr pae mce cx8 apic sep mtrr pge mca cmov pat pse36 clflush mmx fxsr sse sse2 ht syscall nx mmxext fxsr_opt pdpe1gb rdtscp lm constant_tsc rep_good nopl nonstop_tsc extd_apicid aperfmperf pni pclmulqdq monitor ssse3 fma cx16 sse4_1 sse4_2 popcnt aes xsave avx f16c lahf_lm cmp_legacy svm extapic cr8_legacy abm sse4a misalignsse 3dnowprefetch osvw ibs xop skinit wdt lwp fma4 tce nodeid_msr tbm topoext perfctr_core perfctr_nb cpb hw_pstate vmmcall bmi1 arat npt lbrv svm_lock nrip_save tsc_scale vmcb_clean flushbyasid decodeassists pausefilter pfthreshold
bugs		: fxsave_leak sysret_ss_attrs
bogomips	: 8036.69
TLB size	: 1536 4K pages
clflush size	: 64
cache_alignment	: 64
address sizes	: 48 bits physical, 48 bits virtual
power management: ts ttp tm 100mhzsteps hwpstate cpb eff_freq_ro

processor	: 6
vendor_id	: AuthenticAMD
cpu family	: 21
model		: 2
model name	: AMD FX(tm)-8350 Eight-Core Processor
stepping	: 0
microcode	: 0x6000803
cpu MHz		: 4000.000
cache size	: 2048 KB
physical id	: 0
siblings	: 8
core id		: 6
cpu cores	: 4
apicid		: 22
initial apicid	: 6
fpu		: yes
fpu_exception	: yes
cpuid level	: 13
wp		: yes
flags		: fpu vme de pse tsc msr pae mce cx8 apic sep mtrr pge mca cmov pat pse36 clflush mmx fxsr sse sse2 ht syscall nx mmxext fxsr_opt pdpe1gb rdtscp lm constant_tsc rep_good nopl nonstop_tsc extd_apicid aperfmperf pni pclmulqdq monitor ssse3 fma cx16 sse4_1 sse4_2 popcnt aes xsave avx f16c lahf_lm cmp_legacy svm extapic cr8_legacy abm sse4a misalignsse 3dnowprefetch osvw ibs xop skinit wdt lwp fma4 tce nodeid_msr tbm topoext perfctr_core perfctr_nb cpb hw_pstate vmmcall bmi1 arat npt lbrv svm_lock nrip_save tsc_scale vmcb_clean flushbyasid decodeassists pausefilter pfthreshold
bugs		: fxsave_leak sysret_ss_attrs
bogomips	: 8036.69
TLB size	: 1536 4K pages
clflush size	: 64
cache_alignment	: 64
address sizes	: 48 bits physical, 48 bits virtual
power management: ts ttp tm 100mhzsteps hwpstate cpb eff_freq_ro

processor	: 7
vendor_id	: AuthenticAMD
cpu family	: 21
model		: 2
model name	: AMD FX(tm)-8350 Eight-Core Processor
stepping	: 0
microcode	: 0x6000803
cpu MHz		: 1400.000
cache size	: 2048 KB
physical id	: 0
siblings	: 8
core id		: 7
cpu cores	: 4
apicid		: 23
initial apicid	: 7
fpu		: yes
fpu_exception	: yes
cpuid level	: 13
wp		: yes
flags		: fpu vme de pse tsc msr pae mce cx8 apic sep mtrr pge mca cmov pat pse36 clflush mmx fxsr sse sse2 ht syscall nx mmxext fxsr_opt pdpe1gb rdtscp lm constant_tsc rep_good nopl nonstop_tsc extd_apicid aperfmperf pni pclmulqdq monitor ssse3 fma cx16 sse4_1 sse4_2 popcnt aes xsave avx f16c lahf_lm cmp_legacy svm extapic cr8_legacy abm sse4a misalignsse 3dnowprefetch osvw ibs xop skinit wdt lwp fma4 tce nodeid_msr tbm topoext perfctr_core perfctr_nb cpb hw_pstate vmmcall bmi1 arat npt lbrv svm_lock nrip_save tsc_scale vmcb_clean flushbyasid decodeassists pausefilter pfthreshold
bugs		: fxsave_leak sysret_ss_attrs
bogomips	: 8036.69
TLB size	: 1536 4K pages
clflush size	: 64
cache_alignment	: 64
address sizes	: 48 bits physical, 48 bits virtual
power management: ts ttp tm 100mhzsteps hwpstate cpb eff_freq_ro



Memory: 4k page, physical 8213632k(268772k free), swap 0k(0k free)

vm_info: Java HotSpot(TM) 64-Bit Server VM (25.101-b13) for linux-amd64 JRE (1.8.0_101-b13), built on Jun 22 2016 02:59:44 by "java_re" with gcc 4.3.0 20080428 (Red Hat 4.3.0-8)

time: Sun Dec  4 11:55:32 2016
elapsed time: 2270 seconds (0d 0h 37m 50s)

